#
# There is insufficient memory for the Java Runtime Environment to continue.
# Native memory allocation (malloc) failed to allocate 1048576 bytes for AllocateHeap
# Possible reasons:
#   The system is out of physical RAM or swap space
#   In 32 bit mode, the process size limit was hit
# Possible solutions:
#   Reduce memory load on the system
#   Increase physical memory or swap space
#   Check if swap backing store is full
#   Use 64 bit Java on a 64 bit OS
#   Decrease Java heap size (-Xmx/-Xms)
#   Decrease number of Java threads
#   Decrease Java thread stack sizes (-Xss)
#   Set larger code cache with -XX:ReservedCodeCacheSize=
# This output file may be truncated or incomplete.
#
#  Out of Memory Error (memory/allocation.inline.hpp:61), pid=6040, tid=0x0000000000000edc
#
# JRE version:  (8.0_181-b13) (build )
# Java VM: Java HotSpot(TM) 64-Bit Server VM (25.181-b13 mixed mode windows-amd64 compressed oops)
# Failed to write core dump. Minidumps are not enabled by default on client versions of Windows
#

---------------  T H R E A D  ---------------

Current thread (0x0000000002b13000):  JavaThread "Unknown thread" [_thread_in_vm, id=3804, stack(0x0000000002910000,0x0000000002a10000)]

Stack: [0x0000000002910000,0x0000000002a10000]
[error occurred during error reporting (printing stack bounds), id 0xc0000005]

Native frames: (J=compiled Java code, j=interpreted, Vv=VM code, C=native code)


---------------  P R O C E S S  ---------------

Java Threads: ( => current thread )

Other Threads:

=>0x0000000002b13000 (exited) JavaThread "Unknown thread" [_thread_in_vm, id=3804, stack(0x0000000002910000,0x0000000002a10000)]

VM state:not at safepoint (normal execution)

VM Mutex/Monitor currently owned by a thread: None

Heap:
 PSYoungGen      total 38400K, used 665K [0x00000000d5c00000, 0x00000000d8680000, 0x0000000100000000)
  eden space 33280K, 2% used [0x00000000d5c00000,0x00000000d5ca6670,0x00000000d7c80000)
  from space 5120K, 0% used [0x00000000d8180000,0x00000000d8180000,0x00000000d8680000)
  to   space 5120K, 0% used [0x00000000d7c80000,0x00000000d7c80000,0x00000000d8180000)
 ParOldGen       total 87552K, used 0K [0x0000000081400000, 0x0000000086980000, 0x00000000d5c00000)
  object space 87552K, 0% used [0x0000000081400000,0x0000000081400000,0x0000000086980000)
 Metaspace       used 775K, capacity 4480K, committed 4480K, reserved 1056768K
  class space    used 76K, capacity 384K, committed 384K, reserved 1048576K

Card table byte_map: [0x0000000011fd0000,0x00000000123d0000] byte_map_base: 0x0000000011bc6000

Marking Bits: (ParMarkBitMap*) 0x000000006d322d00
 Begin Bits: [0x0000000012e80000, 0x0000000014e30000)
 End Bits:   [0x0000000014e30000, 0x0000000016de0000)

Polling page: 0x0000000001060000

CodeCache: size=245760Kb used=328Kb max_used=328Kb free=245431Kb
 bounds [0x0000000002c10000, 0x0000000002e80000, 0x0000000011c10000]
 total_blobs=58 nmethods=0 adapters=38
 compilation: enabled

Compilation events (0 events):
No events

GC Heap History (0 events):
No events

Deoptimization events (0 events):
No events

Classes redefined (0 events):
No events

Internal exceptions (0 events):
No events

Events (10 events):
Event: 0.024 loading class java/lang/Short
Event: 0.025 loading class java/lang/Short done
Event: 0.025 loading class java/lang/Integer
Event: 0.025 loading class java/lang/Integer done
Event: 0.025 loading class java/lang/Long
Event: 0.025 loading class java/lang/Long done
Event: 0.025 loading class java/lang/NullPointerException
Event: 0.026 loading class java/lang/NullPointerException done
Event: 0.026 loading class java/lang/ArithmeticException
Event: 0.026 loading class java/lang/ArithmeticException done


Dynamic libraries:
0x00007ff61e7c0000 - 0x00007ff61e7f7000 	C:\Program Files\Java\jdk1.8.0_181\bin\java.exe
0x00007ff9bccd0000 - 0x00007ff9bceb1000 	C:\WINDOWS\SYSTEM32\ntdll.dll
0x00007ff9ba630000 - 0x00007ff9ba6e2000 	C:\WINDOWS\System32\KERNEL32.DLL
0x00007ff9b9590000 - 0x00007ff9b9803000 	C:\WINDOWS\System32\KERNELBASE.dll
0x00007ff9ba200000 - 0x00007ff9ba2a1000 	C:\WINDOWS\System32\ADVAPI32.dll
0x00007ff9bab50000 - 0x00007ff9babee000 	C:\WINDOWS\System32\msvcrt.dll
0x00007ff9bc460000 - 0x00007ff9bc4bb000 	C:\WINDOWS\System32\sechost.dll
0x00007ff9ba490000 - 0x00007ff9ba5b4000 	C:\WINDOWS\System32\RPCRT4.dll
0x00007ff9bc520000 - 0x00007ff9bc6b0000 	C:\WINDOWS\System32\USER32.dll
0x00007ff9ba0c0000 - 0x00007ff9ba0e0000 	C:\WINDOWS\System32\win32u.dll
0x00007ff9ba2b0000 - 0x00007ff9ba2d8000 	C:\WINDOWS\System32\GDI32.dll
0x00007ff9b93f0000 - 0x00007ff9b9582000 	C:\WINDOWS\System32\gdi32full.dll
0x00007ff9b9910000 - 0x00007ff9b99af000 	C:\WINDOWS\System32\msvcp_win.dll
0x00007ff9b9810000 - 0x00007ff9b990a000 	C:\WINDOWS\System32\ucrtbase.dll
0x00007ff9aab50000 - 0x00007ff9aadb9000 	C:\WINDOWS\WinSxS\amd64_microsoft.windows.common-controls_6595b64144ccf1df_6.0.17134.345_none_fb429a5930656358\COMCTL32.dll
0x00007ff9bc730000 - 0x00007ff9bca53000 	C:\WINDOWS\System32\combase.dll
0x00007ff9ba0e0000 - 0x00007ff9ba15a000 	C:\WINDOWS\System32\bcryptPrimitives.dll
0x00007ff9ba460000 - 0x00007ff9ba48d000 	C:\WINDOWS\System32\IMM32.DLL
0x000000006ddc0000 - 0x000000006de92000 	C:\Program Files\Java\jdk1.8.0_181\jre\bin\msvcr100.dll
0x000000006cb00000 - 0x000000006d3a2000 	C:\Program Files\Java\jdk1.8.0_181\jre\bin\server\jvm.dll
0x00007ff9bca60000 - 0x00007ff9bca68000 	C:\WINDOWS\System32\PSAPI.DLL
0x00007ff9b6740000 - 0x00007ff9b6763000 	C:\WINDOWS\SYSTEM32\WINMM.dll
0x00007ff9a8f80000 - 0x00007ff9a8f89000 	C:\WINDOWS\SYSTEM32\WSOCK32.dll
0x00007ff9b3ba0000 - 0x00007ff9b3baa000 	C:\WINDOWS\SYSTEM32\VERSION.dll
0x00007ff9ba5c0000 - 0x00007ff9ba62c000 	C:\WINDOWS\System32\WS2_32.dll
0x00007ff9b62f0000 - 0x00007ff9b631a000 	C:\WINDOWS\SYSTEM32\WINMMBASE.dll
0x00007ff9b92f0000 - 0x00007ff9b9339000 	C:\WINDOWS\System32\cfgmgr32.dll
0x000000006dec0000 - 0x000000006decf000 	C:\Program Files\Java\jdk1.8.0_181\jre\bin\verify.dll
0x000000006dd90000 - 0x000000006ddb9000 	C:\Program Files\Java\jdk1.8.0_181\jre\bin\java.dll
0x000000006dd60000 - 0x000000006dd83000 	C:\Program Files\Java\jdk1.8.0_181\jre\bin\instrument.dll
0x000000006dea0000 - 0x000000006deb6000 	C:\Program Files\Java\jdk1.8.0_181\jre\bin\zip.dll

VM Arguments:
jvm_args: -javaagent:C:\Program Files\JetBrains\IntelliJ IDEA Community Edition 2018.2.1\lib\idea_rt.jar=51265:C:\Program Files\JetBrains\IntelliJ IDEA Community Edition 2018.2.1\bin -Dfile.encoding=UTF-8 
java_command: ClientCommunicator
java_class_path (initial): C:\Program Files\Java\jdk1.8.0_181\jre\lib\charsets.jar;C:\Program Files\Java\jdk1.8.0_181\jre\lib\deploy.jar;C:\Program Files\Java\jdk1.8.0_181\jre\lib\ext\access-bridge-64.jar;C:\Program Files\Java\jdk1.8.0_181\jre\lib\ext\cldrdata.jar;C:\Program Files\Java\jdk1.8.0_181\jre\lib\ext\dnsns.jar;C:\Program Files\Java\jdk1.8.0_181\jre\lib\ext\jaccess.jar;C:\Program Files\Java\jdk1.8.0_181\jre\lib\ext\jfxrt.jar;C:\Program Files\Java\jdk1.8.0_181\jre\lib\ext\localedata.jar;C:\Program Files\Java\jdk1.8.0_181\jre\lib\ext\nashorn.jar;C:\Program Files\Java\jdk1.8.0_181\jre\lib\ext\sunec.jar;C:\Program Files\Java\jdk1.8.0_181\jre\lib\ext\sunjce_provider.jar;C:\Program Files\Java\jdk1.8.0_181\jre\lib\ext\sunmscapi.jar;C:\Program Files\Java\jdk1.8.0_181\jre\lib\ext\sunpkcs11.jar;C:\Program Files\Java\jdk1.8.0_181\jre\lib\ext\zipfs.jar;C:\Program Files\Java\jdk1.8.0_181\jre\lib\javaws.jar;C:\Program Files\Java\jdk1.8.0_181\jre\lib\jce.jar;C:\Program Files\Java\jdk1.8.0_181\jre\lib\jfr.jar;C:\Program Files\Java\jdk1.8.0_181\jre\lib\jfxswt.jar;C:\Program Files\Java\jdk1.8.0_181\jre\lib\jsse.jar;C:\Program Files\Java\jdk1.8.0_181\jre\lib\management-agent.jar;C:\Program Files\Java\jdk1.8.0_181\jre\lib\plugin.jar;C:\Program Files\Java\jdk1.8.0_181\jre\lib\resources.jar;C:\Program Files\Java\jdk1.8.0_181\jre\lib\rt.jar;C:\Users\zacha\IdeaProjects\meetpoint\out\production\meetpoint;C:\Users\zacha\IdeaProjects\json-20180813.jar;C:\Program Files\JetBrains\IntelliJ IDEA Community Edition 2018.2.1\lib\idea_rt.jar
Launcher Type: SUN_STANDARD

Environment Variables:
PATH=C:\Program Files (x86)\Common Files\Oracle\Java\javapath;C:\Program Files (x86)\Intel\Intel(R) Management Engine Components\iCLS\;C:\Program Files\Intel\Intel(R) Management Engine Components\iCLS\;C:\windows\system32;C:\windows;C:\windows\System32\Wbem;C:\windows\System32\WindowsPowerShell\v1.0\;C:\Program Files (x86)\NVIDIA Corporation\PhysX\Common;C:\Program Files\MATLAB\R2017b\bin;C:\WINDOWS\system32;C:\WINDOWS;C:\WINDOWS\System32\Wbem;C:\WINDOWS\System32\WindowsPowerShell\v1.0\;C:\WINDOWS\System32\OpenSSH\;C:\Program Files\Intel\WiFi\bin\;C:\Program Files\Common Files\Intel\WirelessCommon\;C:\Program Files\nodejs\;C:\Program Files (x86)\Intel\Intel(R) Management Engine Components\DAL;C:\Program Files\Intel\Intel(R) Management Engine Components\DAL;C:\Program Files (x86)\Intel\Intel(R) Management Engine Components\IPT;C:\Program Files\Intel\Intel(R) Management Engine Components\IPT;D:\AOMEI Backupper;C:\Program Files\TortoiseSVN\bin;D:\MATLAB\R2018b\bin;C:\Program Files\Git\cmd;C:\Users\zacha\AppData\Local\Microsoft\WindowsApps;C:\Users\zacha\AppData\Roaming\npm;
USERNAME=zacha
OS=Windows_NT
PROCESSOR_IDENTIFIER=Intel64 Family 6 Model 142 Stepping 10, GenuineIntel



---------------  S Y S T E M  ---------------

OS: Windows 10.0 , 64 bit Build 17134 (10.0.17134.1)

CPU:total 8 (initial active 8) (4 cores per cpu, 2 threads per core) family 6 model 142 stepping 10, cmov, cx8, fxsr, mmx, sse, sse2, sse3, ssse3, sse4.1, sse4.2, popcnt, avx, avx2, aes, clmul, erms, 3dnowpref, lzcnt, ht, tsc, tscinvbit, bmi1, bmi2, adx

Memory: 4k page, physical 8303436k(1412960k free), swap 8303436k(5668k free)

vm_info: Java HotSpot(TM) 64-Bit Server VM (25.181-b13) for windows-amd64 JRE (1.8.0_181-b13), built on Jul  7 2018 04:01:33 by "java_re" with MS VC++ 10.0 (VS2010)

time: Sat Nov 03 12:45:34 2018
elapsed time: 0 seconds (0d 0h 0m 0s)

