#
# There is insufficient memory for the Java Runtime Environment to continue.
# Native memory allocation (malloc) failed to allocate 175856 bytes for Chunk::new
# Possible reasons:
#   The system is out of physical RAM or swap space
#   In 32 bit mode, the process size limit was hit
# Possible solutions:
#   Reduce memory load on the system
#   Increase physical memory or swap space
#   Check if swap backing store is full
#   Use 64 bit Java on a 64 bit OS
#   Decrease Java heap size (-Xmx/-Xms)
#   Decrease number of Java threads
#   Decrease Java thread stack sizes (-Xss)
#   Set larger code cache with -XX:ReservedCodeCacheSize=
# This output file may be truncated or incomplete.
#
#  Out of Memory Error (allocation.cpp:390), pid=10212, tid=0x0000000000002dd4
#
# JRE version: Java(TM) SE Runtime Environment (8.0_181-b13) (build 1.8.0_181-b13)
# Java VM: Java HotSpot(TM) 64-Bit Server VM (25.181-b13 mixed mode windows-amd64 compressed oops)
# Failed to write core dump. Minidumps are not enabled by default on client versions of Windows
#

---------------  T H R E A D  ---------------

Current thread (0x0000000019c81000):  JavaThread "C2 CompilerThread0" daemon [_thread_in_native, id=11732, stack(0x000000001a4a0000,0x000000001a5a0000)]

Stack: [0x000000001a4a0000,0x000000001a5a0000]
[error occurred during error reporting (printing stack bounds), id 0xc0000005]

Native frames: (J=compiled Java code, j=interpreted, Vv=VM code, C=native code)


Current CompileTask:
C2:   3949  908       4       sun.security.provider.SHA2::implCompress (331 bytes)


---------------  P R O C E S S  ---------------

Java Threads: ( => current thread )
  0x0000000019d4e800 JavaThread "Service Thread" daemon [_thread_blocked, id=11252, stack(0x000000001a8a0000,0x000000001a9a0000)]
  0x0000000019c8b800 JavaThread "C1 CompilerThread3" daemon [_thread_blocked, id=6308, stack(0x000000001a7a0000,0x000000001a8a0000)]
  0x0000000019c86800 JavaThread "C2 CompilerThread2" daemon [_thread_blocked, id=12516, stack(0x000000001a6a0000,0x000000001a7a0000)]
  0x0000000019c83000 JavaThread "C2 CompilerThread1" daemon [_thread_blocked, id=13024, stack(0x000000001a5a0000,0x000000001a6a0000)]
=>0x0000000019c81000 JavaThread "C2 CompilerThread0" daemon [_thread_in_native, id=11732, stack(0x000000001a4a0000,0x000000001a5a0000)]
  0x0000000019c28000 JavaThread "Monitor Ctrl-Break" daemon [_thread_in_native, id=14088, stack(0x000000001a3a0000,0x000000001a4a0000)]
  0x0000000019bd8000 JavaThread "Attach Listener" daemon [_thread_blocked, id=1972, stack(0x000000001a2a0000,0x000000001a3a0000)]
  0x0000000019bd7000 JavaThread "Signal Dispatcher" daemon [_thread_blocked, id=8312, stack(0x000000001a1a0000,0x000000001a2a0000)]
  0x0000000019bd1000 JavaThread "Finalizer" daemon [_thread_blocked, id=5720, stack(0x0000000019fb0000,0x000000001a0b0000)]
  0x0000000017ccd800 JavaThread "Reference Handler" daemon [_thread_blocked, id=5600, stack(0x0000000019ab0000,0x0000000019bb0000)]
  0x0000000002c13000 JavaThread "main" [_thread_in_vm, id=3600, stack(0x00000000028c0000,0x00000000029c0000)]

Other Threads:
  0x0000000017cc9000 VMThread [stack: 0x00000000199b0000,0x0000000019ab0000] [id=10824]
  0x0000000019d57000 WatcherThread [stack: 0x000000001a9a0000,0x000000001aaa0000] [id=13936]

VM state:not at safepoint (normal execution)

VM Mutex/Monitor currently owned by a thread: None

Heap:
 PSYoungGen      total 38400K, used 24129K [0x00000000d5c00000, 0x00000000d8680000, 0x0000000100000000)
  eden space 33280K, 72% used [0x00000000d5c00000,0x00000000d7390678,0x00000000d7c80000)
  from space 5120K, 0% used [0x00000000d8180000,0x00000000d8180000,0x00000000d8680000)
  to   space 5120K, 0% used [0x00000000d7c80000,0x00000000d7c80000,0x00000000d8180000)
 ParOldGen       total 87552K, used 0K [0x0000000081400000, 0x0000000086980000, 0x00000000d5c00000)
  object space 87552K, 0% used [0x0000000081400000,0x0000000081400000,0x0000000086980000)
 Metaspace       used 8892K, capacity 9180K, committed 9344K, reserved 1056768K
  class space    used 979K, capacity 1064K, committed 1152K, reserved 1048576K

Card table byte_map: [0x00000000120d0000,0x00000000124d0000] byte_map_base: 0x0000000011cc6000

Marking Bits: (ParMarkBitMap*) 0x0000000066df2d00
 Begin Bits: [0x0000000012f80000, 0x0000000014f30000)
 End Bits:   [0x0000000014f30000, 0x0000000016ee0000)

Polling page: 0x00000000029c0000

CodeCache: size=245760Kb used=3352Kb max_used=3352Kb free=242407Kb
 bounds [0x0000000002d10000, 0x0000000003060000, 0x0000000011d10000]
 total_blobs=1262 nmethods=911 adapters=264
 compilation: enabled

Compilation events (10 events):
Event: 3.937 Thread 0x0000000019c8b800 nmethod 890 0x0000000003045ad0 code [0x0000000003045c60, 0x0000000003046248]
Event: 3.937 Thread 0x0000000019c8b800  904       1       java.util.Collections$EmptyList::isEmpty (2 bytes)
Event: 3.937 Thread 0x0000000019c8b800 nmethod 904 0x0000000003045810 code [0x0000000003045960, 0x0000000003045a70]
Event: 3.937 Thread 0x0000000019c81000  908       4       sun.security.provider.SHA2::implCompress (331 bytes)
Event: 3.937 Thread 0x0000000019c8b800  909       1       java.util.TreeMap::access$100 (5 bytes)
Event: 3.937 Thread 0x0000000019c8b800 nmethod 909 0x0000000003045550 code [0x00000000030456a0, 0x0000000003045790]
Event: 3.937 Thread 0x0000000019c8b800  910       1       sun.security.provider.DigestBase::engineGetDigestLength (5 bytes)
Event: 3.937 Thread 0x0000000019c8b800 nmethod 910 0x0000000003045290 code [0x00000000030453e0, 0x00000000030454f0]
Event: 3.938 Thread 0x0000000019c8b800  911       3       sun.security.util.ObjectIdentifier::toString (284 bytes)
Event: 3.939 Thread 0x0000000019c8b800 nmethod 911 0x0000000003052f90 code [0x0000000003053380, 0x0000000003056468]

GC Heap History (0 events):
No events

Deoptimization events (5 events):
Event: 3.626 Thread 0x0000000002c13000 Uncommon trap: reason=unstable_if action=reinterpret pc=0x0000000002e7425c method=java.lang.CharacterDataLatin1.digit(II)I @ 82
Event: 3.675 Thread 0x0000000002c13000 Uncommon trap: reason=null_check action=make_not_entrant pc=0x0000000002ecec60 method=java.lang.String.equals(Ljava/lang/Object;)Z @ 8
Event: 3.844 Thread 0x0000000002c13000 Uncommon trap: reason=unstable_if action=reinterpret pc=0x0000000002e766d4 method=java.lang.CharacterDataLatin1.digit(II)I @ 82
Event: 3.933 Thread 0x0000000002c13000 Uncommon trap: reason=unstable_if action=reinterpret pc=0x0000000002f8b284 method=java.util.Arrays.equals([B[B)Z @ 41
Event: 3.933 Thread 0x0000000002c13000 Uncommon trap: reason=unstable_if action=reinterpret pc=0x0000000002fcb51c method=java.lang.String.indexOf([CII[CIII)I @ 27

Classes redefined (0 events):
No events

Internal exceptions (9 events):
Event: 0.030 Thread 0x0000000002c13000 Exception <a 'java/lang/NoSuchMethodError': Method sun.misc.Unsafe.defineClass(Ljava/lang/String;[BII)Ljava/lang/Class; name or signature does not match> (0x00000000d5c07cb0) thrown at [C:\re\workspace\8-2-build-windows-amd64-cygwin\jdk8u181\11358\hotspot
Event: 0.030 Thread 0x0000000002c13000 Exception <a 'java/lang/NoSuchMethodError': Method sun.misc.Unsafe.prefetchRead(Ljava/lang/Object;J)V name or signature does not match> (0x00000000d5c07f98) thrown at [C:\re\workspace\8-2-build-windows-amd64-cygwin\jdk8u181\11358\hotspot\src\share\vm\prim
Event: 0.118 Thread 0x0000000002c13000 Exception <a 'java/security/PrivilegedActionException'> (0x00000000d5ef1ca8) thrown at [C:\re\workspace\8-2-build-windows-amd64-cygwin\jdk8u181\11358\hotspot\src\share\vm\prims\jvm.cpp, line 1435]
Event: 0.118 Thread 0x0000000002c13000 Exception <a 'java/security/PrivilegedActionException'> (0x00000000d5ef20a0) thrown at [C:\re\workspace\8-2-build-windows-amd64-cygwin\jdk8u181\11358\hotspot\src\share\vm\prims\jvm.cpp, line 1435]
Event: 0.119 Thread 0x0000000002c13000 Exception <a 'java/security/PrivilegedActionException'> (0x00000000d5ef6198) thrown at [C:\re\workspace\8-2-build-windows-amd64-cygwin\jdk8u181\11358\hotspot\src\share\vm\prims\jvm.cpp, line 1435]
Event: 0.119 Thread 0x0000000002c13000 Exception <a 'java/security/PrivilegedActionException'> (0x00000000d5ef6590) thrown at [C:\re\workspace\8-2-build-windows-amd64-cygwin\jdk8u181\11358\hotspot\src\share\vm\prims\jvm.cpp, line 1435]
Event: 3.617 Thread 0x0000000002c13000 Exception <a 'java/lang/NoSuchFieldError': method resolution failed> (0x00000000d64a3678) thrown at [C:\re\workspace\8-2-build-windows-amd64-cygwin\jdk8u181\11358\hotspot\src\share\vm\prims\methodHandles.cpp, line 1167]
Event: 3.618 Thread 0x0000000002c13000 Exception <a 'java/lang/NoSuchFieldError': method resolution failed> (0x00000000d64b1890) thrown at [C:\re\workspace\8-2-build-windows-amd64-cygwin\jdk8u181\11358\hotspot\src\share\vm\prims\methodHandles.cpp, line 1167]
Event: 3.675 Thread 0x0000000002c13000 Implicit null exception at 0x0000000002eceaa2 to 0x0000000002ecec51

Events (10 events):
Event: 3.943 loading class sun/security/ssl/ECDHClientKeyExchange
Event: 3.943 loading class sun/security/ssl/ECDHClientKeyExchange done
Event: 3.944 loading class sun/security/ec/ECDHKeyAgreement
Event: 3.944 loading class sun/security/ec/ECDHKeyAgreement done
Event: 3.944 loading class javax/crypto/KeyAgreementSpi
Event: 3.944 loading class javax/crypto/KeyAgreementSpi done
Event: 3.944 loading class javax/crypto/ShortBufferException
Event: 3.944 loading class javax/crypto/ShortBufferException done
Event: 3.944 loading class javax/crypto/spec/SecretKeySpec
Event: 3.944 loading class javax/crypto/spec/SecretKeySpec done


Dynamic libraries:
0x00007ff73f5c0000 - 0x00007ff73f5f7000 	C:\Program Files\Java\jdk1.8.0_181\bin\java.exe
0x00007ff908440000 - 0x00007ff908621000 	C:\WINDOWS\SYSTEM32\ntdll.dll
0x00007ff9058d0000 - 0x00007ff905982000 	C:\WINDOWS\System32\KERNEL32.DLL
0x00007ff9050b0000 - 0x00007ff905323000 	C:\WINDOWS\System32\KERNELBASE.dll
0x00007ff905990000 - 0x00007ff905a31000 	C:\WINDOWS\System32\ADVAPI32.dll
0x00007ff9080d0000 - 0x00007ff90816e000 	C:\WINDOWS\System32\msvcrt.dll
0x00007ff908260000 - 0x00007ff9082bb000 	C:\WINDOWS\System32\sechost.dll
0x00007ff9073f0000 - 0x00007ff907514000 	C:\WINDOWS\System32\RPCRT4.dll
0x00007ff905a40000 - 0x00007ff905bd0000 	C:\WINDOWS\System32\USER32.dll
0x00007ff904810000 - 0x00007ff904830000 	C:\WINDOWS\System32\win32u.dll
0x00007ff905bd0000 - 0x00007ff905bf8000 	C:\WINDOWS\System32\GDI32.dll
0x00007ff905440000 - 0x00007ff9055d2000 	C:\WINDOWS\System32\gdi32full.dll
0x00007ff904fc0000 - 0x00007ff90505f000 	C:\WINDOWS\System32\msvcp_win.dll
0x00007ff9055e0000 - 0x00007ff9056da000 	C:\WINDOWS\System32\ucrtbase.dll
0x00007ff8f7650000 - 0x00007ff8f78b9000 	C:\WINDOWS\WinSxS\amd64_microsoft.windows.common-controls_6595b64144ccf1df_6.0.17134.345_none_fb429a5930656358\COMCTL32.dll
0x00007ff907520000 - 0x00007ff907843000 	C:\WINDOWS\System32\combase.dll
0x00007ff904f40000 - 0x00007ff904fba000 	C:\WINDOWS\System32\bcryptPrimitives.dll
0x00007ff908040000 - 0x00007ff90806d000 	C:\WINDOWS\System32\IMM32.DLL
0x0000000067880000 - 0x0000000067952000 	C:\Program Files\Java\jdk1.8.0_181\jre\bin\msvcr100.dll
0x00000000665d0000 - 0x0000000066e72000 	C:\Program Files\Java\jdk1.8.0_181\jre\bin\server\jvm.dll
0x00007ff9081f0000 - 0x00007ff9081f8000 	C:\WINDOWS\System32\PSAPI.DLL
0x00007ff901dc0000 - 0x00007ff901de3000 	C:\WINDOWS\SYSTEM32\WINMM.dll
0x00007ff8f59a0000 - 0x00007ff8f59a9000 	C:\WINDOWS\SYSTEM32\WSOCK32.dll
0x00007ff8ff160000 - 0x00007ff8ff16a000 	C:\WINDOWS\SYSTEM32\VERSION.dll
0x00007ff908180000 - 0x00007ff9081ec000 	C:\WINDOWS\System32\WS2_32.dll
0x00007ff901a50000 - 0x00007ff901a7a000 	C:\WINDOWS\SYSTEM32\winmmbase.dll
0x00007ff905060000 - 0x00007ff9050a9000 	C:\WINDOWS\System32\cfgmgr32.dll
0x0000000067870000 - 0x000000006787f000 	C:\Program Files\Java\jdk1.8.0_181\jre\bin\verify.dll
0x0000000067840000 - 0x0000000067869000 	C:\Program Files\Java\jdk1.8.0_181\jre\bin\java.dll
0x00000000677f0000 - 0x0000000067813000 	C:\Program Files\Java\jdk1.8.0_181\jre\bin\instrument.dll
0x0000000067820000 - 0x0000000067836000 	C:\Program Files\Java\jdk1.8.0_181\jre\bin\zip.dll
0x00007ff905da0000 - 0x00007ff9071df000 	C:\WINDOWS\System32\SHELL32.dll
0x00007ff907340000 - 0x00007ff9073e9000 	C:\WINDOWS\System32\shcore.dll
0x00007ff904830000 - 0x00007ff904f3d000 	C:\WINDOWS\System32\windows.storage.dll
0x00007ff908200000 - 0x00007ff908251000 	C:\WINDOWS\System32\shlwapi.dll
0x00007ff9047d0000 - 0x00007ff9047e1000 	C:\WINDOWS\System32\kernel.appcore.dll
0x00007ff9047b0000 - 0x00007ff9047cf000 	C:\WINDOWS\System32\profapi.dll
0x00007ff904760000 - 0x00007ff9047ac000 	C:\WINDOWS\System32\powrprof.dll
0x00007ff904750000 - 0x00007ff90475a000 	C:\WINDOWS\System32\FLTLIB.DLL
0x00007ff8f27b0000 - 0x00007ff8f27ca000 	C:\Program Files\JetBrains\IntelliJ IDEA Community Edition 2018.2.1\bin\breakgen64.dll
0x00000000677d0000 - 0x00000000677ea000 	C:\Program Files\Java\jdk1.8.0_181\jre\bin\net.dll
0x00007ff903fd0000 - 0x00007ff904036000 	C:\WINDOWS\system32\mswsock.dll
0x0000000066250000 - 0x0000000066274000 	C:\Program Files\Java\jdk1.8.0_181\jre\bin\sunec.dll
0x00007ff903d50000 - 0x00007ff903d88000 	C:\WINDOWS\SYSTEM32\IPHLPAPI.DLL
0x00007ff908170000 - 0x00007ff908178000 	C:\WINDOWS\System32\NSI.dll
0x00007ff8fe700000 - 0x00007ff8fe716000 	C:\WINDOWS\SYSTEM32\dhcpcsvc6.DLL
0x00007ff8fe6e0000 - 0x00007ff8fe6fa000 	C:\WINDOWS\SYSTEM32\dhcpcsvc.DLL
0x00000000677b0000 - 0x00000000677c1000 	C:\Program Files\Java\jdk1.8.0_181\jre\bin\nio.dll
0x00007ff904190000 - 0x00007ff9041a7000 	C:\WINDOWS\SYSTEM32\CRYPTSP.dll
0x00007ff903bb0000 - 0x00007ff903be3000 	C:\WINDOWS\system32\rsaenh.dll
0x00007ff9042b0000 - 0x00007ff9042d5000 	C:\WINDOWS\SYSTEM32\bcrypt.dll
0x00007ff904680000 - 0x00007ff9046a8000 	C:\WINDOWS\SYSTEM32\USERENV.dll
0x00007ff904180000 - 0x00007ff90418b000 	C:\WINDOWS\SYSTEM32\CRYPTBASE.dll
0x0000000066240000 - 0x000000006624b000 	C:\Program Files\Java\jdk1.8.0_181\jre\bin\sunmscapi.dll
0x00007ff9056e0000 - 0x00007ff9058c2000 	C:\WINDOWS\System32\CRYPT32.dll
0x00007ff9047f0000 - 0x00007ff904802000 	C:\WINDOWS\System32\MSASN1.dll
0x00007ff903d90000 - 0x00007ff903e4e000 	C:\WINDOWS\SYSTEM32\DNSAPI.dll
0x00007ff8fcc20000 - 0x00007ff8fcc2a000 	C:\Windows\System32\rasadhlp.dll
0x00007ff8fdac0000 - 0x00007ff8fdb32000 	C:\WINDOWS\System32\fwpuclnt.dll

VM Arguments:
jvm_args: -javaagent:C:\Program Files\JetBrains\IntelliJ IDEA Community Edition 2018.2.1\lib\idea_rt.jar=56051:C:\Program Files\JetBrains\IntelliJ IDEA Community Edition 2018.2.1\bin -Dfile.encoding=UTF-8 
java_command: apiAPP
java_class_path (initial): C:\Program Files\Java\jdk1.8.0_181\jre\lib\charsets.jar;C:\Program Files\Java\jdk1.8.0_181\jre\lib\deploy.jar;C:\Program Files\Java\jdk1.8.0_181\jre\lib\ext\access-bridge-64.jar;C:\Program Files\Java\jdk1.8.0_181\jre\lib\ext\cldrdata.jar;C:\Program Files\Java\jdk1.8.0_181\jre\lib\ext\dnsns.jar;C:\Program Files\Java\jdk1.8.0_181\jre\lib\ext\jaccess.jar;C:\Program Files\Java\jdk1.8.0_181\jre\lib\ext\jfxrt.jar;C:\Program Files\Java\jdk1.8.0_181\jre\lib\ext\localedata.jar;C:\Program Files\Java\jdk1.8.0_181\jre\lib\ext\nashorn.jar;C:\Program Files\Java\jdk1.8.0_181\jre\lib\ext\sunec.jar;C:\Program Files\Java\jdk1.8.0_181\jre\lib\ext\sunjce_provider.jar;C:\Program Files\Java\jdk1.8.0_181\jre\lib\ext\sunmscapi.jar;C:\Program Files\Java\jdk1.8.0_181\jre\lib\ext\sunpkcs11.jar;C:\Program Files\Java\jdk1.8.0_181\jre\lib\ext\zipfs.jar;C:\Program Files\Java\jdk1.8.0_181\jre\lib\javaws.jar;C:\Program Files\Java\jdk1.8.0_181\jre\lib\jce.jar;C:\Program Files\Java\jdk1.8.0_181\jre\lib\jfr.jar;C:\Program Files\Java\jdk1.8.0_181\jre\lib\jfxswt.jar;C:\Program Files\Java\jdk1.8.0_181\jre\lib\jsse.jar;C:\Program Files\Java\jdk1.8.0_181\jre\lib\management-agent.jar;C:\Program Files\Java\jdk1.8.0_181\jre\lib\plugin.jar;C:\Program Files\Java\jdk1.8.0_181\jre\lib\resources.jar;C:\Program Files\Java\jdk1.8.0_181\jre\lib\rt.jar;C:\Users\zacha\IdeaProjects\meetpoint\out\production\meetpoint;C:\Users\zacha\IdeaProjects\json-20180813.jar;C:\Program Files\JetBrains\IntelliJ IDEA Community Edition 2018.2.1\lib\idea_rt.jar
Launcher Type: SUN_STANDARD

Environment Variables:
PATH=C:\Program Files (x86)\Common Files\Oracle\Java\javapath;C:\Program Files (x86)\Intel\Intel(R) Management Engine Components\iCLS\;C:\Program Files\Intel\Intel(R) Management Engine Components\iCLS\;C:\windows\system32;C:\windows;C:\windows\System32\Wbem;C:\windows\System32\WindowsPowerShell\v1.0\;C:\Program Files (x86)\NVIDIA Corporation\PhysX\Common;C:\Program Files\MATLAB\R2017b\bin;C:\WINDOWS\system32;C:\WINDOWS;C:\WINDOWS\System32\Wbem;C:\WINDOWS\System32\WindowsPowerShell\v1.0\;C:\WINDOWS\System32\OpenSSH\;C:\Program Files\Intel\WiFi\bin\;C:\Program Files\Common Files\Intel\WirelessCommon\;C:\Program Files\nodejs\;C:\Program Files (x86)\Intel\Intel(R) Management Engine Components\DAL;C:\Program Files\Intel\Intel(R) Management Engine Components\DAL;C:\Program Files (x86)\Intel\Intel(R) Management Engine Components\IPT;C:\Program Files\Intel\Intel(R) Management Engine Components\IPT;D:\AOMEI Backupper;C:\Program Files\TortoiseSVN\bin;D:\MATLAB\R2018b\bin;C:\Program Files\Git\cmd;C:\Users\zacha\AppData\Local\Microsoft\WindowsApps;C:\Users\zacha\AppData\Roaming\npm;
USERNAME=zacha
OS=Windows_NT
PROCESSOR_IDENTIFIER=Intel64 Family 6 Model 142 Stepping 10, GenuineIntel



---------------  S Y S T E M  ---------------

OS: Windows 10.0 , 64 bit Build 17134 (10.0.17134.1)

CPU:total 8 (initial active 8) (4 cores per cpu, 2 threads per core) family 6 model 142 stepping 10, cmov, cx8, fxsr, mmx, sse, sse2, sse3, ssse3, sse4.1, sse4.2, popcnt, avx, avx2, aes, clmul, erms, 3dnowpref, lzcnt, ht, tsc, tscinvbit, bmi1, bmi2, adx

Memory: 4k page, physical 8303436k(1194864k free), swap 8303436k(4224k free)

vm_info: Java HotSpot(TM) 64-Bit Server VM (25.181-b13) for windows-amd64 JRE (1.8.0_181-b13), built on Jul  7 2018 04:01:33 by "java_re" with MS VC++ 10.0 (VS2010)

time: Fri Nov 02 02:50:04 2018
elapsed time: 3 seconds (0d 0h 0m 3s)

