#
# There is insufficient memory for the Java Runtime Environment to continue.
# Native memory allocation (mmap) failed to map 134217728 bytes for Failed to commit area from 0x0000000081400000 to 0x0000000089400000 of length 134217728.
# Possible reasons:
#   The system is out of physical RAM or swap space
#   The process is running with CompressedOops enabled, and the Java Heap may be blocking the growth of the native heap
# Possible solutions:
#   Reduce memory load on the system
#   Increase physical memory or swap space
#   Check if swap backing store is full
#   Decrease Java heap size (-Xmx/-Xms)
#   Decrease number of Java threads
#   Decrease Java thread stack sizes (-Xss)
#   Set larger code cache with -XX:ReservedCodeCacheSize=
# This output file may be truncated or incomplete.
#
#  Out of Memory Error (t:/workspace/open/src/hotspot/os/windows/os_windows.cpp:3269), pid=13432, tid=12448
#
# JRE version:  (11.0.1+13) (build )
# Java VM: Java HotSpot(TM) 64-Bit Server VM (11.0.1+13-LTS, mixed mode, aot, sharing, tiered, compressed oops, g1 gc, windows-amd64)
# No core dump will be written. Minidumps are not enabled by default on client versions of Windows
#

---------------  S U M M A R Y ------------

Command Line: -javaagent:C:\Program Files\JetBrains\IntelliJ IDEA Community Edition 2018.2.1\lib\idea_rt.jar=56290:C:\Program Files\JetBrains\IntelliJ IDEA Community Edition 2018.2.1\bin -Dfile.encoding=UTF-8 Client

Host: Intel(R) Core(TM) i7-8550U CPU @ 1.80GHz, 8 cores, 7G,  Windows 10 , 64 bit Build 17134 (10.0.17134.1)
Time: Sat Nov  3 17:01:15 2018 Malay Peninsula Standard Time elapsed time: 0 seconds (0d 0h 0m 0s)

---------------  T H R E A D  ---------------

Current thread (0x000001c16fab5000):  JavaThread "Unknown thread" [_thread_in_vm, id=12448, stack(0x0000005036e00000,0x0000005036f00000)]

Stack: [0x0000005036e00000,0x0000005036f00000]
Native frames: (J=compiled Java code, j=interpreted, Vv=VM code, C=native code)
V  [jvm.dll+0x63c21a]
V  [jvm.dll+0x7797df]
V  [jvm.dll+0x77adca]
V  [jvm.dll+0x77b483]
V  [jvm.dll+0x2627f8]
V  [jvm.dll+0x6396ca]
V  [jvm.dll+0x62dfa5]
V  [jvm.dll+0x31699c]
V  [jvm.dll+0x316822]
V  [jvm.dll+0x31c096]
V  [jvm.dll+0x36842f]
V  [jvm.dll+0x367e50]
V  [jvm.dll+0x2f38b8]
V  [jvm.dll+0x2f4a16]
V  [jvm.dll+0x752da7]
V  [jvm.dll+0x7544ef]
V  [jvm.dll+0x375269]
V  [jvm.dll+0x7394a9]
V  [jvm.dll+0x3e467d]
V  [jvm.dll+0x3e6951]
C  [java.exe+0x3603]
C  [java.exe+0x178dc]
C  [KERNEL32.DLL+0x13034]
C  [ntdll.dll+0x71461]


---------------  P R O C E S S  ---------------

Threads class SMR info:
_java_thread_list=0x000001c16d880d50, length=0, elements={
}

Java Threads: ( => current thread )

Other Threads:
  0x000001c16fb12000 GCTaskThread "GC Thread#0" [stack: 0x0000005036f00000,0x0000005037000000] [id=13508]
  0x000001c16fb46000 ConcurrentGCThread "G1 Main Marker" [stack: 0x0000005037000000,0x0000005037100000] [id=10524]
  0x000001c16fb47800 ConcurrentGCThread "G1 Conc#0" [stack: 0x0000005037100000,0x0000005037200000] [id=7444]

[error occurred during error reporting (printing all threads), id 0xc0000005, EXCEPTION_ACCESS_VIOLATION (0xc0000005) at pc=0x00007ff97abd2137]

VM state:not at safepoint (not fully initialized)

VM Mutex/Monitor currently owned by a thread:  ([mutex/lock_event])
[0x000001c16fab3530] Heap_lock - owner thread: 0x000001c16fab5000

Heap address: 0x0000000081400000, size: 2028 MB, Compressed Oops mode: Non-zero based: 0x0000000081400000
Narrow klass base: 0x0000000000000000, Narrow klass shift: 0

GC Heap History (0 events):
No events

Deoptimization events (0 events):
No events

Classes redefined (0 events):
No events

Internal exceptions (0 events):
No events

Events (0 events):
No events


Dynamic libraries:
0x00007ff770810000 - 0x00007ff770857000 	C:\Program Files\Java\jdk-11.0.1\bin\java.exe
0x00007ff9bccd0000 - 0x00007ff9bceb1000 	C:\WINDOWS\SYSTEM32\ntdll.dll
0x00007ff9ba630000 - 0x00007ff9ba6e2000 	C:\WINDOWS\System32\KERNEL32.DLL
0x00007ff9b9590000 - 0x00007ff9b9803000 	C:\WINDOWS\System32\KERNELBASE.dll
0x00007ff9ba200000 - 0x00007ff9ba2a1000 	C:\WINDOWS\System32\ADVAPI32.dll
0x00007ff9bab50000 - 0x00007ff9babee000 	C:\WINDOWS\System32\msvcrt.dll
0x00007ff9bc460000 - 0x00007ff9bc4bb000 	C:\WINDOWS\System32\sechost.dll
0x00007ff9ba490000 - 0x00007ff9ba5b4000 	C:\WINDOWS\System32\RPCRT4.dll
0x00007ff9bc520000 - 0x00007ff9bc6b0000 	C:\WINDOWS\System32\USER32.dll
0x00007ff9ba0c0000 - 0x00007ff9ba0e0000 	C:\WINDOWS\System32\win32u.dll
0x00007ff9ba2b0000 - 0x00007ff9ba2d8000 	C:\WINDOWS\System32\GDI32.dll
0x00007ff9b93f0000 - 0x00007ff9b9582000 	C:\WINDOWS\System32\gdi32full.dll
0x00007ff9b9910000 - 0x00007ff9b99af000 	C:\WINDOWS\System32\msvcp_win.dll
0x00007ff9b9810000 - 0x00007ff9b990a000 	C:\WINDOWS\System32\ucrtbase.dll
0x00007ff9aab50000 - 0x00007ff9aadb9000 	C:\WINDOWS\WinSxS\amd64_microsoft.windows.common-controls_6595b64144ccf1df_6.0.17134.345_none_fb429a5930656358\COMCTL32.dll
0x00007ff9b3ba0000 - 0x00007ff9b3baa000 	C:\WINDOWS\SYSTEM32\VERSION.dll
0x00007ff9bc730000 - 0x00007ff9bca53000 	C:\WINDOWS\System32\combase.dll
0x00007ff9ba0e0000 - 0x00007ff9ba15a000 	C:\WINDOWS\System32\bcryptPrimitives.dll
0x00007ff9ba460000 - 0x00007ff9ba48d000 	C:\WINDOWS\System32\IMM32.DLL
0x00007ff9b3810000 - 0x00007ff9b3826000 	C:\Program Files\Java\jdk-11.0.1\bin\vcruntime140.dll
0x00007ff9a75b0000 - 0x00007ff9a765a000 	C:\Program Files\Java\jdk-11.0.1\bin\msvcp140.dll
0x00007ff97a8d0000 - 0x00007ff97b412000 	C:\Program Files\Java\jdk-11.0.1\bin\server\jvm.dll
0x00007ff9bca60000 - 0x00007ff9bca68000 	C:\WINDOWS\System32\PSAPI.DLL
0x00007ff9a8f80000 - 0x00007ff9a8f89000 	C:\WINDOWS\SYSTEM32\WSOCK32.dll
0x00007ff9ba5c0000 - 0x00007ff9ba62c000 	C:\WINDOWS\System32\WS2_32.dll
0x00007ff9b6740000 - 0x00007ff9b6763000 	C:\WINDOWS\SYSTEM32\WINMM.dll
0x00007ff9b62f0000 - 0x00007ff9b631a000 	C:\WINDOWS\SYSTEM32\WINMMBASE.dll
0x00007ff9b92f0000 - 0x00007ff9b9339000 	C:\WINDOWS\System32\cfgmgr32.dll
0x00007ff9b9000000 - 0x00007ff9b9011000 	C:\WINDOWS\System32\kernel.appcore.dll
0x00007ff9ac2b0000 - 0x00007ff9ac2c1000 	C:\Program Files\Java\jdk-11.0.1\bin\verify.dll
0x00007ff9b7a20000 - 0x00007ff9b7be9000 	C:\WINDOWS\SYSTEM32\DBGHELP.DLL
0x00007ff9a4600000 - 0x00007ff9a4629000 	C:\WINDOWS\SYSTEM32\dbgcore.DLL
0x00007ff9ac280000 - 0x00007ff9ac2a9000 	C:\Program Files\Java\jdk-11.0.1\bin\java.dll
0x00007ff9a3a00000 - 0x00007ff9a3a2f000 	C:\Program Files\Java\jdk-11.0.1\bin\instrument.dll
0x00007ff9a5e30000 - 0x00007ff9a5e46000 	C:\Program Files\Java\jdk-11.0.1\bin\zip.dll
0x00007ff9b6220000 - 0x00007ff9b622a000 	C:\Program Files\Java\jdk-11.0.1\bin\jimage.dll

dbghelp: loaded successfully - version: 4.0.5 - missing functions: none
symbol engine: initialized successfully - sym options: 0x614 - pdb path: .;C:\Program Files\Java\jdk-11.0.1\bin;C:\WINDOWS\SYSTEM32;C:\WINDOWS\WinSxS\amd64_microsoft.windows.common-controls_6595b64144ccf1df_6.0.17134.345_none_fb429a5930656358;C:\Program Files\Java\jdk-11.0.1\bin\server

VM Arguments:
jvm_args: -javaagent:C:\Program Files\JetBrains\IntelliJ IDEA Community Edition 2018.2.1\lib\idea_rt.jar=56290:C:\Program Files\JetBrains\IntelliJ IDEA Community Edition 2018.2.1\bin -Dfile.encoding=UTF-8 
java_command: Client
java_class_path (initial): C:\Users\zacha\IdeaProjects\meetpoint\out\production\meetpoint;C:\Users\zacha\IdeaProjects\json-20180813.jar
Launcher Type: SUN_STANDARD

[Global flags]
     intx CICompilerCount                          = 4                                         {product} {ergonomic}
     uint ConcGCThreads                            = 2                                         {product} {ergonomic}
     uint G1ConcRefinementThreads                  = 8                                         {product} {ergonomic}
   size_t G1HeapRegionSize                         = 1048576                                   {product} {ergonomic}
    uintx GCDrainStackTargetSize                   = 64                                        {product} {ergonomic}
   size_t InitialHeapSize                          = 134217728                                 {product} {ergonomic}
   size_t MarkStackSize                            = 4194304                                   {product} {ergonomic}
   size_t MaxHeapSize                              = 2126512128                                {product} {ergonomic}
   size_t MinHeapDeltaBytes                        = 1048576                                   {product} {ergonomic}
    uintx NonNMethodCodeHeapSize                   = 5835340                                {pd product} {ergonomic}
    uintx NonProfiledCodeHeapSize                  = 122911450                              {pd product} {ergonomic}
    uintx ProfiledCodeHeapSize                     = 122911450                              {pd product} {ergonomic}
    uintx ReservedCodeCacheSize                    = 251658240                              {pd product} {ergonomic}
     bool SegmentedCodeCache                       = true                                      {product} {ergonomic}
     bool UseCompressedClassPointers               = true                                 {lp64_product} {ergonomic}
     bool UseCompressedOops                        = true                                 {lp64_product} {ergonomic}
     bool UseG1GC                                  = true                                      {product} {ergonomic}
     bool UseLargePagesIndividualAllocation        = false                                  {pd product} {ergonomic}

Logging:
Log output configuration:
 #0: stdout all=warning uptime,level,tags
 #1: stderr all=off uptime,level,tags

Environment Variables:
PATH=C:\Program Files (x86)\Common Files\Oracle\Java\javapath;C:\Program Files (x86)\Intel\Intel(R) Management Engine Components\iCLS\;C:\Program Files\Intel\Intel(R) Management Engine Components\iCLS\;C:\windows\system32;C:\windows;C:\windows\System32\Wbem;C:\windows\System32\WindowsPowerShell\v1.0\;C:\Program Files (x86)\NVIDIA Corporation\PhysX\Common;C:\Program Files\MATLAB\R2017b\bin;C:\WINDOWS\system32;C:\WINDOWS;C:\WINDOWS\System32\Wbem;C:\WINDOWS\System32\WindowsPowerShell\v1.0\;C:\WINDOWS\System32\OpenSSH\;C:\Program Files\Intel\WiFi\bin\;C:\Program Files\Common Files\Intel\WirelessCommon\;C:\Program Files\nodejs\;C:\Program Files (x86)\Intel\Intel(R) Management Engine Components\DAL;C:\Program Files\Intel\Intel(R) Management Engine Components\DAL;C:\Program Files (x86)\Intel\Intel(R) Management Engine Components\IPT;C:\Program Files\Intel\Intel(R) Management Engine Components\IPT;D:\AOMEI Backupper;C:\Program Files\TortoiseSVN\bin;D:\MATLAB\R2018b\bin;C:\Program Files\Git\cmd;C:\Users\zacha\AppData\Local\Microsoft\WindowsApps;C:\Users\zacha\AppData\Roaming\npm;
USERNAME=zacha
OS=Windows_NT
PROCESSOR_IDENTIFIER=Intel64 Family 6 Model 142 Stepping 10, GenuineIntel



---------------  S Y S T E M  ---------------

OS: Windows 10 , 64 bit Build 17134 (10.0.17134.1)

CPU:total 8 (initial active 8) (4 cores per cpu, 2 threads per core) family 6 model 142 stepping 10, cmov, cx8, fxsr, mmx, sse, sse2, sse3, ssse3, sse4.1, sse4.2, popcnt, avx, avx2, aes, clmul, erms, 3dnowpref, lzcnt, ht, tsc, tscinvbit, bmi1, bmi2, adx, fma

Memory: 4k page, system-wide physical 8108M (1446M free)
TotalPageFile size 8108M (AvailPageFile size 91M)
current process WorkingSet (physical memory assigned to process): 10M, peak: 10M
current process commit charge ("private bytes"): 60M, peak: 188M

vm_info: Java HotSpot(TM) 64-Bit Server VM (11.0.1+13-LTS) for windows-amd64 JRE (11.0.1+13-LTS), built on Oct  6 2018 13:20:16 by "mach5one" with MS VC++ 15.5 (VS2017)

END.
